[12:39:52.688] [INFO] storybook v10.2.1
[12:39:55.004] [DEBUG] Getting package.json info for /Users/nicolascoutureau/template-next-app-dir/package.json...
[12:39:56.636] [DEBUG] Serving static files from node_modules/@chromatic-com/storybook/assets at /addon-visual-tests-assets
[12:39:56.636] [DEBUG] Serving static files from public at /
[12:39:56.640] [INFO] Starting...
[12:39:56.694] [WARN] No story files found for the specified pattern: src/**/*.mdx
[12:39:56.931] [DEBUG] Starting preview..
[12:39:57.058] [DEBUG] Using tsconfig paths for react-docgen
[12:39:57.104] [ERROR] Failed to build the preview
[12:39:57.106] [ERROR] [38;2;241;97;97mReferenceError: __dirname is not defined[39m
    at Object.viteFinal (file://./.storybook/main.ts:21:32)
    at file://./node_modules/storybook/dist/_node-chunks/chunk-R3KAQRS5.js:10114:36
    at async createViteServer (file://./node_modules/@storybook/builder-vite/dist/index.js:1881:21)
    at async Module.start (file://./node_modules/@storybook/builder-vite/dist/index.js:1906:17)
    at async storybookDevServer (file://./node_modules/storybook/dist/core-server/index.js:7207:83)
    at async buildOrThrow (file://./node_modules/storybook/dist/core-server/index.js:4504:12)
    at async buildDevStandalone (file://./node_modules/storybook/dist/core-server/index.js:7577:66)
    at async withTelemetry (file://./node_modules/storybook/dist/_node-chunks/chunk-KNMEGL7N.js:218:12)
    at async dev (file://./node_modules/storybook/dist/bin/core.js:2734:3)
    at async _Command.<anonymous> (file://./node_modules/storybook/dist/bin/core.js:2801:92)
[12:39:57.110] [WARN] Broken build, fix the error above.
You may need to refresh the browser.